<?xml version="1.0" ?>
<coverage version="7.12.0" timestamp="1764249351663" lines-valid="66" lines-covered="0" line-rate="0" branches-covered="0" branches-valid="0" branch-rate="0" complexity="0">
	<!-- Generated by coverage.py: https://coverage.readthedocs.io/en/7.12.0 -->
	<!-- Based on https://raw.githubusercontent.com/cobertura/web/master/htdocs/xml/coverage-04.dtd -->
	<sources>
		<source>/home/alex/python-project-52/task_manager</source>
	</sources>
	<packages>
		<package name="." line-rate="0" branch-rate="0" complexity="0">
			<classes>
				<class name="__init__.py" filename="__init__.py" complexity="0" line-rate="1" branch-rate="0">
					<methods/>
					<lines/>
				</class>
				<class name="asgi.py" filename="asgi.py" complexity="0" line-rate="0" branch-rate="0">
					<methods/>
					<lines>
						<line number="10" hits="0"/>
						<line number="12" hits="0"/>
						<line number="14" hits="0"/>
						<line number="16" hits="0"/>
					</lines>
				</class>
				<class name="settings.py" filename="settings.py" complexity="0" line-rate="0" branch-rate="0">
					<methods/>
					<lines>
						<line number="14" hits="0"/>
						<line number="15" hits="0"/>
						<line number="17" hits="0"/>
						<line number="18" hits="0"/>
						<line number="20" hits="0"/>
						<line number="23" hits="0"/>
						<line number="29" hits="0"/>
						<line number="32" hits="0"/>
						<line number="36" hits="0"/>
						<line number="38" hits="0"/>
						<line number="44" hits="0"/>
						<line number="47" hits="0"/>
						<line number="48" hits="0"/>
						<line number="52" hits="0"/>
						<line number="66" hits="0"/>
						<line number="77" hits="0"/>
						<line number="79" hits="0"/>
						<line number="94" hits="0"/>
						<line number="100" hits="0"/>
						<line number="107" hits="0"/>
						<line number="108" hits="0"/>
						<line number="113" hits="0"/>
						<line number="132" hits="0"/>
						<line number="134" hits="0"/>
						<line number="136" hits="0"/>
						<line number="138" hits="0"/>
						<line number="141" hits="0"/>
						<line number="143" hits="0"/>
						<line number="145" hits="0"/>
						<line number="153" hits="0"/>
						<line number="154" hits="0"/>
						<line number="159" hits="0"/>
					</lines>
				</class>
				<class name="urls.py" filename="urls.py" complexity="0" line-rate="0" branch-rate="0">
					<methods/>
					<lines>
						<line number="17" hits="0"/>
						<line number="18" hits="0"/>
						<line number="20" hits="0"/>
						<line number="22" hits="0"/>
					</lines>
				</class>
				<class name="views.py" filename="views.py" complexity="0" line-rate="0" branch-rate="0">
					<methods/>
					<lines>
						<line number="2" hits="0"/>
						<line number="3" hits="0"/>
						<line number="6" hits="0"/>
						<line number="7" hits="0"/>
						<line number="9" hits="0"/>
						<line number="10" hits="0"/>
						<line number="11" hits="0"/>
						<line number="12" hits="0"/>
					</lines>
				</class>
				<class name="wsgi.py" filename="wsgi.py" complexity="0" line-rate="0" branch-rate="0">
					<methods/>
					<lines>
						<line number="10" hits="0"/>
						<line number="12" hits="0"/>
						<line number="14" hits="0"/>
						<line number="16" hits="0"/>
					</lines>
				</class>
			</classes>
		</package>
		<package name="users" line-rate="0" branch-rate="0" complexity="0">
			<classes>
				<class name="__init__.py" filename="users/__init__.py" complexity="0" line-rate="1" branch-rate="0">
					<methods/>
					<lines/>
				</class>
				<class name="admin.py" filename="users/admin.py" complexity="0" line-rate="0" branch-rate="0">
					<methods/>
					<lines>
						<line number="1" hits="0"/>
					</lines>
				</class>
				<class name="apps.py" filename="users/apps.py" complexity="0" line-rate="0" branch-rate="0">
					<methods/>
					<lines>
						<line number="1" hits="0"/>
						<line number="4" hits="0"/>
						<line number="5" hits="0"/>
						<line number="6" hits="0"/>
					</lines>
				</class>
				<class name="models.py" filename="users/models.py" complexity="0" line-rate="0" branch-rate="0">
					<methods/>
					<lines>
						<line number="1" hits="0"/>
					</lines>
				</class>
				<class name="tests.py" filename="users/tests.py" complexity="0" line-rate="0" branch-rate="0">
					<methods/>
					<lines>
						<line number="1" hits="0"/>
					</lines>
				</class>
				<class name="urls.py" filename="users/urls.py" complexity="0" line-rate="0" branch-rate="0">
					<methods/>
					<lines>
						<line number="1" hits="0"/>
						<line number="2" hits="0"/>
						<line number="4" hits="0"/>
					</lines>
				</class>
				<class name="views.py" filename="users/views.py" complexity="0" line-rate="0" branch-rate="0">
					<methods/>
					<lines>
						<line number="1" hits="0"/>
						<line number="4" hits="0"/>
						<line number="7" hits="0"/>
						<line number="8" hits="0"/>
					</lines>
				</class>
			</classes>
		</package>
		<package name="users.migrations" line-rate="1" branch-rate="0" complexity="0">
			<classes>
				<class name="__init__.py" filename="users/migrations/__init__.py" complexity="0" line-rate="1" branch-rate="0">
					<methods/>
					<lines/>
				</class>
			</classes>
		</package>
	</packages>
</coverage>
